{"uuid":"3e4cb216-2333-4eba-8a47-94183d977f52","historyId":"6daf9bc8ba1bd68deef3b8bcc4e85511","fullName":"firsttestshaft.Openbrowser","labels":[{"name":"package","value":"firsttestshaft"},{"name":"testClass","value":"firsttestshaft"},{"name":"testMethod","value":"Openbrowser"},{"name":"parentSuite","value":"Suite"},{"name":"suite","value":"shaft"},{"name":"subSuite","value":"firsttestshaft"},{"name":"host","value":"EGRNDDEV20"},{"name":"thread","value":"32924@EGRNDDEV20.main(1)"},{"name":"framework","value":"testng"},{"name":"language","value":"java"}],"links":[],"name":"Openbrowser","status":"failed","statusDetails":{"known":false,"muted":false,"flaky":false,"message":"Failed to Identify unique element \"zero elements found matching this locator\".","trace":"java.lang.AssertionError: Failed to Identify unique element \"zero elements found matching this locator\".\r\n\tat org.testng.Assert.fail(Assert.java:98)\r\n\tat io.github.shafthq.shaft.gui.element.ElementActionsHelper.failAction(ElementActionsHelper.java:779)\r\n\tat io.github.shafthq.shaft.gui.element.ElementActionsHelper.failAction(ElementActionsHelper.java:719)\r\n\tat io.github.shafthq.shaft.gui.element.ElementActionsHelper.identifyUniqueElement(ElementActionsHelper.java:613)\r\n\tat io.github.shafthq.shaft.gui.element.ElementActionsHelper.identifyUniqueElementIgnoringVisibility(ElementActionsHelper.java:601)\r\n\tat io.github.shafthq.shaft.gui.element.ElementActionsHelper.getElementName(ElementActionsHelper.java:420)\r\n\tat com.shaft.gui.element.ElementActions.click(ElementActions.java:83)\r\n\tat io.github.shafthq.shaft.gui.element.FluentElementActions.click(FluentElementActions.java:85)\r\n\tat firsttestshaft.Openbrowser(firsttestshaft.java:27)\r\n\tat java.base/jdk.internal.reflect.NativeMethodAccessorImpl.invoke0(Native Method)\r\n\tat java.base/jdk.internal.reflect.NativeMethodAccessorImpl.invoke(NativeMethodAccessorImpl.java:77)\r\n\tat java.base/jdk.internal.reflect.DelegatingMethodAccessorImpl.invoke(DelegatingMethodAccessorImpl.java:43)\r\n\tat java.base/java.lang.reflect.Method.invoke(Method.java:568)\r\n\tat org.testng.internal.invokers.MethodInvocationHelper.invokeMethod(MethodInvocationHelper.java:139)\r\n\tat org.testng.internal.invokers.TestInvoker.invokeMethod(TestInvoker.java:677)\r\n\tat org.testng.internal.invokers.TestInvoker.invokeTestMethod(TestInvoker.java:221)\r\n\tat org.testng.internal.invokers.MethodRunner.runInSequence(MethodRunner.java:50)\r\n\tat org.testng.internal.invokers.TestInvoker$MethodInvocationAgent.invoke(TestInvoker.java:969)\r\n\tat org.testng.internal.invokers.TestInvoker.invokeTestMethods(TestInvoker.java:194)\r\n\tat org.testng.internal.invokers.TestMethodWorker.invokeTestMethods(TestMethodWorker.java:148)\r\n\tat org.testng.internal.invokers.TestMethodWorker.run(TestMethodWorker.java:128)\r\n\tat java.base/java.util.ArrayList.forEach(ArrayList.java:1511)\r\n\tat org.testng.TestRunner.privateRun(TestRunner.java:829)\r\n\tat org.testng.TestRunner.run(TestRunner.java:602)\r\n\tat org.testng.SuiteRunner.runTest(SuiteRunner.java:437)\r\n\tat org.testng.SuiteRunner.runSequentially(SuiteRunner.java:431)\r\n\tat org.testng.SuiteRunner.privateRun(SuiteRunner.java:391)\r\n\tat org.testng.SuiteRunner.run(SuiteRunner.java:330)\r\n\tat org.testng.SuiteRunnerWorker.runSuite(SuiteRunnerWorker.java:52)\r\n\tat org.testng.SuiteRunnerWorker.run(SuiteRunnerWorker.java:95)\r\n\tat org.testng.TestNG.runSuitesSequentially(TestNG.java:1256)\r\n\tat org.testng.TestNG.runSuitesLocally(TestNG.java:1176)\r\n\tat org.testng.TestNG.runSuites(TestNG.java:1099)\r\n\tat org.testng.TestNG.run(TestNG.java:1067)\r\n\tat com.intellij.rt.testng.IDEARemoteTestNG.run(IDEARemoteTestNG.java:66)\r\n\tat com.intellij.rt.testng.RemoteTestNGStarter.main(RemoteTestNGStarter.java:109)\r\nCaused by: org.openqa.selenium.TimeoutException: Expected condition failed: waiting for io.github.shafthq.shaft.gui.element.ElementActionsHelper$$Lambda$859/0x00000008011745b0@53bc8c7e (tried for 60 second(s) with 100 milliseconds interval)\r\n\tat org.openqa.selenium.support.ui.FluentWait.timeoutException(FluentWait.java:263)\r\n\tat org.openqa.selenium.support.ui.FluentWait.until(FluentWait.java:231)\r\n\tat io.github.shafthq.shaft.gui.element.ElementActionsHelper.waitForElementPresence(ElementActionsHelper.java:136)\r\n\tat io.github.shafthq.shaft.gui.element.ElementActionsHelper.waitForElementPresence(ElementActionsHelper.java:61)\r\n\tat io.github.shafthq.shaft.gui.element.ElementActionsHelper.getMatchingElementsInformation(ElementActionsHelper.java:650)\r\n\tat io.github.shafthq.shaft.gui.element.ElementActionsHelper.identifyUniqueElement(ElementActionsHelper.java:606)\r\n\t... 32 more\r\nCaused by: org.openqa.selenium.NoSuchElementException: no such element: Unable to locate element: {\"method\":\"css selector\",\"selector\":\"#top\\-cart\\-btn\\-checkout\"}\n  (Session info: chrome=109.0.5414.120)\nFor documentation on this error, please visit: https://selenium.dev/exceptions/#no_such_element\nBuild info: version: '4.8.0', revision: '267030adea'\nSystem info: os.name: 'Windows 10', os.arch: 'amd64', os.version: '10.0', java.version: '17.0.6'\nDriver info: org.openqa.selenium.chrome.ChromeDriver\nCommand: [2ed43c372d03fa9c4a0907461537b444, findElement {using=id, value=top-cart-btn-checkout}]\nCapabilities {acceptInsecureCerts: true, browserName: chrome, browserVersion: 109.0.5414.120, chrome: {chromedriverVersion: 109.0.5414.74 (e7c5703604da..., userDataDir: C:\\Users\\MEid\\AppData\\Local...}, goog:chromeOptions: {debuggerAddress: localhost:58922}, networkConnectionEnabled: false, pageLoadStrategy: normal, platformName: WINDOWS, proxy: Proxy(), se:cdp: ws://localhost:58922/devtoo..., se:cdpVersion: 109.0.5414.120, setWindowRect: true, strictFileInteractability: false, timeouts: {implicit: 0, pageLoad: 60000, script: 60000}, unhandledPromptBehavior: accept and notify, webauthn:extension:credBlob: true, webauthn:extension:largeBlob: true, webauthn:virtualAuthenticators: true}\nSession ID: 2ed43c372d03fa9c4a0907461537b444\r\n\tat jdk.internal.reflect.GeneratedConstructorAccessor22.newInstance(Unknown Source)\r\n\tat java.base/jdk.internal.reflect.DelegatingConstructorAccessorImpl.newInstance(DelegatingConstructorAccessorImpl.java:45)\r\n\tat java.base/java.lang.reflect.Constructor.newInstanceWithCaller(Constructor.java:499)\r\n\tat java.base/java.lang.reflect.Constructor.newInstance(Constructor.java:480)\r\n\tat org.openqa.selenium.remote.codec.w3c.W3CHttpResponseCodec.createException(W3CHttpResponseCodec.java:200)\r\n\tat org.openqa.selenium.remote.codec.w3c.W3CHttpResponseCodec.decode(W3CHttpResponseCodec.java:133)\r\n\tat org.openqa.selenium.remote.codec.w3c.W3CHttpResponseCodec.decode(W3CHttpResponseCodec.java:53)\r\n\tat org.openqa.selenium.remote.HttpCommandExecutor.execute(HttpCommandExecutor.java:184)\r\n\tat org.openqa.selenium.remote.service.DriverCommandExecutor.invokeExecute(DriverCommandExecutor.java:167)\r\n\tat org.openqa.selenium.remote.service.DriverCommandExecutor.execute(DriverCommandExecutor.java:142)\r\n\tat org.openqa.selenium.remote.RemoteWebDriver.execute(RemoteWebDriver.java:543)\r\n\tat org.openqa.selenium.remote.ElementLocation$ElementFinder$2.findElement(ElementLocation.java:162)\r\n\tat org.openqa.selenium.remote.ElementLocation.findElement(ElementLocation.java:60)\r\n\tat org.openqa.selenium.remote.RemoteWebDriver.findElement(RemoteWebDriver.java:352)\r\n\tat org.openqa.selenium.remote.RemoteWebDriver.findElement(RemoteWebDriver.java:344)\r\n\tat io.github.shafthq.shaft.gui.element.ElementActionsHelper.lambda$waitForElementPresence$0(ElementActionsHelper.java:137)\r\n\tat org.openqa.selenium.support.ui.FluentWait.until(FluentWait.java:208)\r\n\t... 36 more\r\n"},"stage":"finished","steps":[{"name":"Successfully Opened: \"Windows-64 | Google chrome\".","status":"passed","stage":"finished","steps":[],"attachments":[],"parameters":[],"start":1674985123192,"stop":1674985123192},{"name":"Navigate to url \"https://www.unioncoop.ae/\".","status":"passed","stage":"finished","steps":[],"attachments":[],"parameters":[],"start":1674985138242,"stop":1674985138242},{"name":"Click \"Fresh Food\".","status":"passed","stage":"finished","steps":[],"attachments":[],"parameters":[],"start":1674985143344,"stop":1674985143344},{"name":"Double click \"By.xpath: /html/body/div[1]/main/div[3]/div/div[3]/div[3]/div[1]/div[2]/div/div/div/div[2]/div/a\".","status":"passed","stage":"finished","steps":[],"attachments":[],"parameters":[],"start":1674985146057,"stop":1674985146057},{"name":"Click \"Al Ain Farm Chilled Poultry Chicken - 750 g\".","status":"passed","stage":"finished","steps":[],"attachments":[],"parameters":[],"start":1674985150706,"stop":1674985150706},{"name":"Click \"+\".","status":"passed","stage":"finished","steps":[],"attachments":[],"parameters":[],"start":1674985153546,"stop":1674985153546},{"name":"Click \"î¤€ My Cart\".","status":"passed","stage":"finished","steps":[],"attachments":[],"parameters":[],"start":1674985154846,"stop":1674985154846},{"name":"Failed to Identify unique element \"zero elements found matching this locator\".","status":"passed","stage":"finished","steps":[],"attachments":[{"name":"Screenshot - 1674985216133_Openbrowser_Identify unique element_failed","source":"e301d894-cdb9-41b8-970c-7c38a6517ef5-attachment.png","type":"image/png"},{"name":"Element Action Exception - Identify unique element - Stacktrace","source":"a876abd4-525c-458d-b8d2-b87d7fbdabfc-attachment"}],"parameters":[{"name":"logText","value":"Failed to Identify unique element \"zero elements found matching this locator\"."},{"name":"attachments","value":"[[Screenshot, 1674985216133_Openbrowser_Identify unique element_failed, java.io.ByteArrayInputStream@6bd5ca02], [Element Action Exception - Identify unique element, Stacktrace, org.openqa.selenium.TimeoutException: Expected condition failed: waiting for io.github.shafthq.shaft.gui.element.ElementActionsHelper$$Lambda$859/0x00000008011745b0@53bc8c7e (tried for 60 second(s) with 100 milliseconds interval)\r\n\torg.openqa.selenium.support.ui.FluentWait.timeoutException(FluentWait.java:263)\r\n\torg.openqa.selenium.support.ui.FluentWait.until(FluentWait.java:231)\r\n\tio.github.shafthq.shaft.gui.element.ElementActionsHelper.waitForElementPresence(ElementActionsHelper.java:136)\r\n\tio.github.shafthq.shaft.gui.element.ElementActionsHelper.waitForElementPresence(ElementActionsHelper.java:61)\r\n\tio.github.shafthq.shaft.gui.element.ElementActionsHelper.getMatchingElementsInformation(ElementActionsHelper.java:650)\r\n\tio.github.shafthq.shaft.gui.element.ElementActionsHelper.identifyUniqueElement(ElementActionsHelper.java:606)\r\n\tio.github.shafthq.shaft.gui.element.ElementActionsHelper.identifyUniqueElementIgnoringVisibility(ElementActionsHelper.java:601)\r\n\tio.github.shafthq.shaft.gui.element.ElementActionsHelper.getElementName(ElementActionsHelper.java:420)\r\n\tcom.shaft.gui.element.ElementActions.click(ElementActions.java:83)\r\n\tio.github.shafthq.shaft.gui.element.FluentElementActions.click(FluentElementActions.java:85)\r\n\tfirsttestshaft.Openbrowser(firsttestshaft.java:27)\r\n\tjava.base/jdk.internal.reflect.NativeMethodAccessorImpl.invoke0(Native Method)\r\n\tjava.base/jdk.internal.reflect.NativeMethodAccessorImpl.invoke(NativeMethodAccessorImpl.java:77)\r\n\tjava.base/jdk.internal.reflect.DelegatingMethodAccessorImpl.invoke(DelegatingMethodAccessorImpl.java:43)\r\n\tjava.base/java.lang.reflect.Method.invoke(Method.java:568)\r\n\torg.testng.internal.invokers.MethodInvocationHelper.invokeMethod(MethodInvocationHelper.java:139)\r\n\torg.testng.internal.invokers.TestInvoker.invokeMethod(TestInvoker.java:677)\r\n\torg.testng.internal.invokers.TestInvoker.invokeTestMethod(TestInvoker.java:221)\r\n\torg.testng.internal.invokers.MethodRunner.runInSequence(MethodRunner.java:50)\r\n\torg.testng.internal.invokers.TestInvoker$MethodInvocationAgent.invoke(TestInvoker.java:969)\r\n\torg.testng.internal.invokers.TestInvoker.invokeTestMethods(TestInvoker.java:194)\r\n\torg.testng.internal.invokers.TestMethodWorker.invokeTestMethods(TestMethodWorker.java:148)\r\n\torg.testng.internal.invokers.TestMethodWorker.run(TestMethodWorker.java:128)\r\n\tjava.base/java.util.ArrayList.forEach(ArrayList.java:1511)\r\n\torg.testng.TestRunner.privateRun(TestRunner.java:829)\r\n\torg.testng.TestRunner.run(TestRunner.java:602)\r\n\torg.testng.SuiteRunner.runTest(SuiteRunner.java:437)\r\n\torg.testng.SuiteRunner.runSequentially(SuiteRunner.java:431)\r\n\torg.testng.SuiteRunner.privateRun(SuiteRunner.java:391)\r\n\torg.testng.SuiteRunner.run(SuiteRunner.java:330)\r\n\torg.testng.SuiteRunnerWorker.runSuite(SuiteRunnerWorker.java:52)\r\n\torg.testng.SuiteRunnerWorker.run(SuiteRunnerWorker.java:95)\r\n\torg.testng.TestNG.runSuitesSequentially(TestNG.java:1256)\r\n\torg.testng.TestNG.runSuitesLocally(TestNG.java:1176)\r\n\torg.testng.TestNG.runSuites(TestNG.java:1099)\r\n\torg.testng.TestNG.run(TestNG.java:1067)\r\n\tcom.intellij.rt.testng.IDEARemoteTestNG.run(IDEARemoteTestNG.java:66)\r\n\tcom.intellij.rt.testng.RemoteTestNGStarter.main(RemoteTestNGStarter.java:109)\r\n\r\nCaused by: org.openqa.selenium.NoSuchElementException: no such element: Unable to locate element: {\"method\":\"css selector\",\"selector\":\"#top\\-cart\\-btn\\-checkout\"}\n  (Session info: chrome=109.0.5414.120)\nFor documentation on this error, please visit: https://selenium.dev/exceptions/#no_such_element\nBuild info: version: '4.8.0', revision: '267030adea'\nSystem info: os.name: 'Windows 10', os.arch: 'amd64', os.version: '10.0', java.version: '17.0.6'\nDriver info: org.openqa.selenium.chrome.ChromeDriver\nCommand: [2ed43c372d03fa9c4a0907461537b444, findElement {using=id, value=top-cart-btn-checkout}]\nCapabilities {acceptInsecureCerts: true, browserName: chrome, browserVersion: 109.0.5414.120, chrome: {chromedriverVersion: 109.0.5414.74 (e7c5703604da..., userDataDir: C:\\Users\\MEid\\AppData\\Local...}, goog:chromeOptions: {debuggerAddress: localhost:58922}, networkConnectionEnabled: false, pageLoadStrategy: normal, platformName: WINDOWS, proxy: Proxy(), se:cdp: ws://localhost:58922/devtoo..., se:cdpVersion: 109.0.5414.120, setWindowRect: true, strictFileInteractability: false, timeouts: {implicit: 0, pageLoad: 60000, script: 60000}, unhandledPromptBehavior: accept and notify, webauthn:extension:credBlob: true, webauthn:extension:largeBlob: true, webauthn:virtualAuthenticators: true}\nSession ID: 2ed43c372d03fa9c4a0907461537b444\r\n\tjdk.internal.reflect.GeneratedConstructorAccessor22.newInstance(Unknown Source)\r\n\tjava.base/jdk.internal.reflect.DelegatingConstructorAccessorImpl.newInstance(DelegatingConstructorAccessorImpl.java:45)\r\n\tjava.base/java.lang.reflect.Constructor.newInstanceWithCaller(Constructor.java:499)\r\n\tjava.base/java.lang.reflect.Constructor.newInstance(Constructor.java:480)\r\n\torg.openqa.selenium.remote.codec.w3c.W3CHttpResponseCodec.createException(W3CHttpResponseCodec.java:200)\r\n\torg.openqa.selenium.remote.codec.w3c.W3CHttpResponseCodec.decode(W3CHttpResponseCodec.java:133)\r\n\torg.openqa.selenium.remote.codec.w3c.W3CHttpResponseCodec.decode(W3CHttpResponseCodec.java:53)\r\n\torg.openqa.selenium.remote.HttpCommandExecutor.execute(HttpCommandExecutor.java:184)\r\n\torg.openqa.selenium.remote.service.DriverCommandExecutor.invokeExecute(DriverCommandExecutor.java:167)\r\n\torg.openqa.selenium.remote.service.DriverCommandExecutor.execute(DriverCommandExecutor.java:142)\r\n\torg.openqa.selenium.remote.RemoteWebDriver.execute(RemoteWebDriver.java:543)\r\n\torg.openqa.selenium.remote.ElementLocation$ElementFinder$2.findElement(ElementLocation.java:162)\r\n\torg.openqa.selenium.remote.ElementLocation.findElement(ElementLocation.java:60)\r\n\torg.openqa.selenium.remote.RemoteWebDriver.findElement(RemoteWebDriver.java:352)\r\n\torg.openqa.selenium.remote.RemoteWebDriver.findElement(RemoteWebDriver.java:344)\r\n\tio.github.shafthq.shaft.gui.element.ElementActionsHelper.lambda$waitForElementPresence$0(ElementActionsHelper.java:137)\r\n\torg.openqa.selenium.support.ui.FluentWait.until(FluentWait.java:208)\r\n\tio.github.shafthq.shaft.gui.element.ElementActionsHelper.waitForElementPresence(ElementActionsHelper.java:136)\r\n\tio.github.shafthq.shaft.gui.element.ElementActionsHelper.waitForElementPresence(ElementActionsHelper.java:61)\r\n\tio.github.shafthq.shaft.gui.element.ElementActionsHelper.getMatchingElementsInformation(ElementActionsHelper.java:650)\r\n\tio.github.shafthq.shaft.gui.element.ElementActionsHelper.identifyUniqueElement(ElementActionsHelper.java:606)\r\n\tio.github.shafthq.shaft.gui.element.ElementActionsHelper.identifyUniqueElementIgnoringVisibility(ElementActionsHelper.java:601)\r\n\tio.github.shafthq.shaft.gui.element.ElementActionsHelper.getElementName(ElementActionsHelper.java:420)\r\n\tcom.shaft.gui.element.ElementActions.click(ElementActions.java:83)\r\n\tio.github.shafthq.shaft.gui.element.FluentElementActions.click(FluentElementActions.java:85)\r\n\tfirsttestshaft.Openbrowser(firsttestshaft.java:27)\r\n\tjava.base/jdk.internal.reflect.NativeMethodAccessorImpl.invoke0(Native Method)\r\n\tjava.base/jdk.internal.reflect.NativeMethodAccessorImpl.invoke(NativeMethodAccessorImpl.java:77)\r\n\tjava.base/jdk.internal.reflect.DelegatingMethodAccessorImpl.invoke(DelegatingMethodAccessorImpl.java:43)\r\n\tjava.base/java.lang.reflect.Method.invoke(Method.java:568)\r\n\torg.testng.internal.invokers.MethodInvocationHelper.invokeMethod(MethodInvocationHelper.java:139)\r\n\torg.testng.internal.invokers.TestInvoker.invokeMethod(TestInvoker.java:677)\r\n\torg.testng.internal.invokers.TestInvoker.invokeTestMethod(TestInvoker.java:221)\r\n\torg.testng.internal.invokers.MethodRunner.runInSequence(MethodRunner.java:50)\r\n\torg.testng.internal.invokers.TestInvoker$MethodInvocationAgent.invoke(TestInvoker.java:969)\r\n\torg.testng.internal.invokers.TestInvoker.invokeTestMethods(TestInvoker.java:194)\r\n\torg.testng.internal.invokers.TestMethodWorker.invokeTestMethods(TestMethodWorker.java:148)\r\n\torg.testng.internal.invokers.TestMethodWorker.run(TestMethodWorker.java:128)\r\n\tjava.base/java.util.ArrayList.forEach(ArrayList.java:1511)\r\n\torg.testng.TestRunner.privateRun(TestRunner.java:829)\r\n\torg.testng.TestRunner.run(TestRunner.java:602)\r\n\torg.testng.SuiteRunner.runTest(SuiteRunner.java:437)\r\n\torg.testng.SuiteRunner.runSequentially(SuiteRunner.java:431)\r\n\torg.testng.SuiteRunner.privateRun(SuiteRunner.java:391)\r\n\torg.testng.SuiteRunner.run(SuiteRunner.java:330)\r\n\torg.testng.SuiteRunnerWorker.runSuite(SuiteRunnerWorker.java:52)\r\n\torg.testng.SuiteRunnerWorker.run(SuiteRunnerWorker.java:95)\r\n\torg.testng.TestNG.runSuitesSequentially(TestNG.java:1256)\r\n\torg.testng.TestNG.runSuitesLocally(TestNG.java:1176)\r\n\torg.testng.TestNG.runSuites(TestNG.java:1099)\r\n\torg.testng.TestNG.run(TestNG.java:1067)\r\n\tcom.intellij.rt.testng.IDEARemoteTestNG.run(IDEARemoteTestNG.java:66)\r\n\tcom.intellij.rt.testng.RemoteTestNGStarter.main(RemoteTestNGStarter.java:109)\r\n]]"}],"start":1674985217231,"stop":1674985217254}],"attachments":[{"name":"SHAFT Engine Logs - Current Method log: Openbrowser","source":"19f2c817-ec3c-4029-b2a1-dcaa91409301-attachment.txt","type":"text/plain"}],"parameters":[],"start":1674985120882,"stop":1674985217272}