org.openqa.selenium.TimeoutException: Expected condition failed: waiting for io.github.shafthq.shaft.gui.element.ElementActionsHelper$$Lambda$859/0x00000008011745b0@53bc8c7e (tried for 60 second(s) with 100 milliseconds interval)
	org.openqa.selenium.support.ui.FluentWait.timeoutException(FluentWait.java:263)
	org.openqa.selenium.support.ui.FluentWait.until(FluentWait.java:231)
	io.github.shafthq.shaft.gui.element.ElementActionsHelper.waitForElementPresence(ElementActionsHelper.java:136)
	io.github.shafthq.shaft.gui.element.ElementActionsHelper.waitForElementPresence(ElementActionsHelper.java:61)
	io.github.shafthq.shaft.gui.element.ElementActionsHelper.getMatchingElementsInformation(ElementActionsHelper.java:650)
	io.github.shafthq.shaft.gui.element.ElementActionsHelper.identifyUniqueElement(ElementActionsHelper.java:606)
	io.github.shafthq.shaft.gui.element.ElementActionsHelper.identifyUniqueElementIgnoringVisibility(ElementActionsHelper.java:601)
	io.github.shafthq.shaft.gui.element.ElementActionsHelper.getElementName(ElementActionsHelper.java:420)
	com.shaft.gui.element.ElementActions.click(ElementActions.java:83)
	io.github.shafthq.shaft.gui.element.FluentElementActions.click(FluentElementActions.java:85)
	firsttestshaft.Openbrowser(firsttestshaft.java:27)
	java.base/jdk.internal.reflect.NativeMethodAccessorImpl.invoke0(Native Method)
	java.base/jdk.internal.reflect.NativeMethodAccessorImpl.invoke(NativeMethodAccessorImpl.java:77)
	java.base/jdk.internal.reflect.DelegatingMethodAccessorImpl.invoke(DelegatingMethodAccessorImpl.java:43)
	java.base/java.lang.reflect.Method.invoke(Method.java:568)
	org.testng.internal.invokers.MethodInvocationHelper.invokeMethod(MethodInvocationHelper.java:139)
	org.testng.internal.invokers.TestInvoker.invokeMethod(TestInvoker.java:677)
	org.testng.internal.invokers.TestInvoker.invokeTestMethod(TestInvoker.java:221)
	org.testng.internal.invokers.MethodRunner.runInSequence(MethodRunner.java:50)
	org.testng.internal.invokers.TestInvoker$MethodInvocationAgent.invoke(TestInvoker.java:969)
	org.testng.internal.invokers.TestInvoker.invokeTestMethods(TestInvoker.java:194)
	org.testng.internal.invokers.TestMethodWorker.invokeTestMethods(TestMethodWorker.java:148)
	org.testng.internal.invokers.TestMethodWorker.run(TestMethodWorker.java:128)
	java.base/java.util.ArrayList.forEach(ArrayList.java:1511)
	org.testng.TestRunner.privateRun(TestRunner.java:829)
	org.testng.TestRunner.run(TestRunner.java:602)
	org.testng.SuiteRunner.runTest(SuiteRunner.java:437)
	org.testng.SuiteRunner.runSequentially(SuiteRunner.java:431)
	org.testng.SuiteRunner.privateRun(SuiteRunner.java:391)
	org.testng.SuiteRunner.run(SuiteRunner.java:330)
	org.testng.SuiteRunnerWorker.runSuite(SuiteRunnerWorker.java:52)
	org.testng.SuiteRunnerWorker.run(SuiteRunnerWorker.java:95)
	org.testng.TestNG.runSuitesSequentially(TestNG.java:1256)
	org.testng.TestNG.runSuitesLocally(TestNG.java:1176)
	org.testng.TestNG.runSuites(TestNG.java:1099)
	org.testng.TestNG.run(TestNG.java:1067)
	com.intellij.rt.testng.IDEARemoteTestNG.run(IDEARemoteTestNG.java:66)
	com.intellij.rt.testng.RemoteTestNGStarter.main(RemoteTestNGStarter.java:109)

Caused by: org.openqa.selenium.NoSuchElementException: no such element: Unable to locate element: {"method":"css selector","selector":"#top\-cart\-btn\-checkout"}
  (Session info: chrome=109.0.5414.120)
For documentation on this error, please visit: https://selenium.dev/exceptions/#no_such_element
Build info: version: '4.8.0', revision: '267030adea'
System info: os.name: 'Windows 10', os.arch: 'amd64', os.version: '10.0', java.version: '17.0.6'
Driver info: org.openqa.selenium.chrome.ChromeDriver
Command: [2ed43c372d03fa9c4a0907461537b444, findElement {using=id, value=top-cart-btn-checkout}]
Capabilities {acceptInsecureCerts: true, browserName: chrome, browserVersion: 109.0.5414.120, chrome: {chromedriverVersion: 109.0.5414.74 (e7c5703604da..., userDataDir: C:\Users\MEid\AppData\Local...}, goog:chromeOptions: {debuggerAddress: localhost:58922}, networkConnectionEnabled: false, pageLoadStrategy: normal, platformName: WINDOWS, proxy: Proxy(), se:cdp: ws://localhost:58922/devtoo..., se:cdpVersion: 109.0.5414.120, setWindowRect: true, strictFileInteractability: false, timeouts: {implicit: 0, pageLoad: 60000, script: 60000}, unhandledPromptBehavior: accept and notify, webauthn:extension:credBlob: true, webauthn:extension:largeBlob: true, webauthn:virtualAuthenticators: true}
Session ID: 2ed43c372d03fa9c4a0907461537b444
	jdk.internal.reflect.GeneratedConstructorAccessor22.newInstance(Unknown Source)
	java.base/jdk.internal.reflect.DelegatingConstructorAccessorImpl.newInstance(DelegatingConstructorAccessorImpl.java:45)
	java.base/java.lang.reflect.Constructor.newInstanceWithCaller(Constructor.java:499)
	java.base/java.lang.reflect.Constructor.newInstance(Constructor.java:480)
	org.openqa.selenium.remote.codec.w3c.W3CHttpResponseCodec.createException(W3CHttpResponseCodec.java:200)
	org.openqa.selenium.remote.codec.w3c.W3CHttpResponseCodec.decode(W3CHttpResponseCodec.java:133)
	org.openqa.selenium.remote.codec.w3c.W3CHttpResponseCodec.decode(W3CHttpResponseCodec.java:53)
	org.openqa.selenium.remote.HttpCommandExecutor.execute(HttpCommandExecutor.java:184)
	org.openqa.selenium.remote.service.DriverCommandExecutor.invokeExecute(DriverCommandExecutor.java:167)
	org.openqa.selenium.remote.service.DriverCommandExecutor.execute(DriverCommandExecutor.java:142)
	org.openqa.selenium.remote.RemoteWebDriver.execute(RemoteWebDriver.java:543)
	org.openqa.selenium.remote.ElementLocation$ElementFinder$2.findElement(ElementLocation.java:162)
	org.openqa.selenium.remote.ElementLocation.findElement(ElementLocation.java:60)
	org.openqa.selenium.remote.RemoteWebDriver.findElement(RemoteWebDriver.java:352)
	org.openqa.selenium.remote.RemoteWebDriver.findElement(RemoteWebDriver.java:344)
	io.github.shafthq.shaft.gui.element.ElementActionsHelper.lambda$waitForElementPresence$0(ElementActionsHelper.java:137)
	org.openqa.selenium.support.ui.FluentWait.until(FluentWait.java:208)
	io.github.shafthq.shaft.gui.element.ElementActionsHelper.waitForElementPresence(ElementActionsHelper.java:136)
	io.github.shafthq.shaft.gui.element.ElementActionsHelper.waitForElementPresence(ElementActionsHelper.java:61)
	io.github.shafthq.shaft.gui.element.ElementActionsHelper.getMatchingElementsInformation(ElementActionsHelper.java:650)
	io.github.shafthq.shaft.gui.element.ElementActionsHelper.identifyUniqueElement(ElementActionsHelper.java:606)
	io.github.shafthq.shaft.gui.element.ElementActionsHelper.identifyUniqueElementIgnoringVisibility(ElementActionsHelper.java:601)
	io.github.shafthq.shaft.gui.element.ElementActionsHelper.getElementName(ElementActionsHelper.java:420)
	com.shaft.gui.element.ElementActions.click(ElementActions.java:83)
	io.github.shafthq.shaft.gui.element.FluentElementActions.click(FluentElementActions.java:85)
	firsttestshaft.Openbrowser(firsttestshaft.java:27)
	java.base/jdk.internal.reflect.NativeMethodAccessorImpl.invoke0(Native Method)
	java.base/jdk.internal.reflect.NativeMethodAccessorImpl.invoke(NativeMethodAccessorImpl.java:77)
	java.base/jdk.internal.reflect.DelegatingMethodAccessorImpl.invoke(DelegatingMethodAccessorImpl.java:43)
	java.base/java.lang.reflect.Method.invoke(Method.java:568)
	org.testng.internal.invokers.MethodInvocationHelper.invokeMethod(MethodInvocationHelper.java:139)
	org.testng.internal.invokers.TestInvoker.invokeMethod(TestInvoker.java:677)
	org.testng.internal.invokers.TestInvoker.invokeTestMethod(TestInvoker.java:221)
	org.testng.internal.invokers.MethodRunner.runInSequence(MethodRunner.java:50)
	org.testng.internal.invokers.TestInvoker$MethodInvocationAgent.invoke(TestInvoker.java:969)
	org.testng.internal.invokers.TestInvoker.invokeTestMethods(TestInvoker.java:194)
	org.testng.internal.invokers.TestMethodWorker.invokeTestMethods(TestMethodWorker.java:148)
	org.testng.internal.invokers.TestMethodWorker.run(TestMethodWorker.java:128)
	java.base/java.util.ArrayList.forEach(ArrayList.java:1511)
	org.testng.TestRunner.privateRun(TestRunner.java:829)
	org.testng.TestRunner.run(TestRunner.java:602)
	org.testng.SuiteRunner.runTest(SuiteRunner.java:437)
	org.testng.SuiteRunner.runSequentially(SuiteRunner.java:431)
	org.testng.SuiteRunner.privateRun(SuiteRunner.java:391)
	org.testng.SuiteRunner.run(SuiteRunner.java:330)
	org.testng.SuiteRunnerWorker.runSuite(SuiteRunnerWorker.java:52)
	org.testng.SuiteRunnerWorker.run(SuiteRunnerWorker.java:95)
	org.testng.TestNG.runSuitesSequentially(TestNG.java:1256)
	org.testng.TestNG.runSuitesLocally(TestNG.java:1176)
	org.testng.TestNG.runSuites(TestNG.java:1099)
	org.testng.TestNG.run(TestNG.java:1067)
	com.intellij.rt.testng.IDEARemoteTestNG.run(IDEARemoteTestNG.java:66)
	com.intellij.rt.testng.RemoteTestNGStarter.main(RemoteTestNGStarter.java:109)
